<?xml version="1.0" encoding="UTF-8"?>
<testng-results ignored="0" total="1" passed="1" failed="0" skipped="0">
  <reporter-output>
  </reporter-output>
  <suite started-at="2023-07-19T04:42:20Z" name="Default suite" finished-at="2023-07-19T04:42:23Z" duration-ms="3544">
    <groups>
    </groups>
    <test started-at="2023-07-19T04:42:20Z" name="Default test" finished-at="2023-07-19T04:42:23Z" duration-ms="3544">
      <class name="Jerkins.JerkinsDemo.VerifyTitle">
        <test-method is-config="true" signature="launchApplication()[pri:0, instance:Jerkins.JerkinsDemo.VerifyTitle@67d18ed7]" started-at="2023-07-19T04:42:20Z" name="launchApplication" finished-at="2023-07-19T04:42:23Z" duration-ms="3308" status="PASS">
          <reporter-output>
          </reporter-output>
        </test-method> <!-- launchApplication -->
        <test-method signature="titleverification()[pri:0, instance:Jerkins.JerkinsDemo.VerifyTitle@67d18ed7]" started-at="2023-07-19T04:42:23Z" name="titleverification" finished-at="2023-07-19T04:42:23Z" duration-ms="13" status="PASS">
          <reporter-output>
          </reporter-output>
        </test-method> <!-- titleverification -->
        <test-method is-config="true" signature="closeBrowser()[pri:0, instance:Jerkins.JerkinsDemo.VerifyTitle@67d18ed7]" started-at="2023-07-19T04:42:23Z" name="closeBrowser" finished-at="2023-07-19T04:42:23Z" duration-ms="207" status="PASS">
          <reporter-output>
          </reporter-output>
        </test-method> <!-- closeBrowser -->
      </class> <!-- Jerkins.JerkinsDemo.VerifyTitle -->
    </test> <!-- Default test -->
  </suite> <!-- Default suite -->
</testng-results>
